<?xml version="1.0" encoding="UTF-8"?>
<!-- Generated by org.testng.reporters.JUnitReportReporter -->
<testsuite hostname="RENGA" failures="0" tests="1" name="loginTestCases.BothIncorrect" time="10.000" errors="0" timestamp="2020-10-23T17:29:45 IST" skipped="0">
  <testcase classname="loginTestCases.BothIncorrect" name="loginWithBothInCorrect" time="10.000"/>
  <system-out/>
</testsuite> <!-- loginTestCases.BothIncorrect -->
