<?xml version="1.0" encoding="UTF-8"?>
<!-- Generated by org.testng.reporters.JUnitReportReporter -->
<testsuite hostname="RENGA" failures="0" tests="4" name="loginTestCases.BothCorrect" time="45.381" errors="0" timestamp="2020-10-26T11:01:40 IST" skipped="0">
  <testcase classname="loginTestCases.BothCorrect" name="loginWithbothCorrect" time="9.858"/>
  <system-out/>
  <testcase classname="loginTestCases.BothCorrect" name="loginWithbothCorrect" time="9.512"/>
  <system-out/>
  <testcase classname="loginTestCases.BothCorrect" name="loginWithbothCorrect" time="15.979"/>
  <system-out/>
  <testcase classname="loginTestCases.BothCorrect" name="loginWithbothCorrect" time="10.032"/>
  <system-out/>
</testsuite> <!-- loginTestCases.BothCorrect -->
