<?xml version="1.0" encoding="UTF-8"?>
<!-- Generated by org.testng.reporters.JUnitReportReporter -->
<testsuite hostname="RENGA" failures="0" tests="1" name="loginTestCases.CorrectUserName" time="9.268" errors="0" timestamp="2020-10-23T17:29:45 IST" skipped="0">
  <testcase classname="loginTestCases.CorrectUserName" name="loginWithcorrectUsername" time="9.268"/>
  <system-out/>
</testsuite> <!-- loginTestCases.CorrectUserName -->
