<?xml version="1.0" encoding="UTF-8"?>
<!-- Generated by org.testng.reporters.JUnitReportReporter -->
<testsuite hostname="RENGA" failures="0" tests="6" name="testNG.GroupingExample" time="0.031" errors="0" timestamp="2020-10-13T20:10:00 IST" skipped="0">
  <testcase classname="testNG.GroupingExample" name="firstApple" time="0.018"/>
  <system-out/>
  <testcase classname="testNG.GroupingExample" name="secondApple" time="0.003"/>
  <system-out/>
  <testcase classname="testNG.GroupingExample" name="firstAndroid" time="0.003"/>
  <system-out/>
  <testcase classname="testNG.GroupingExample" name="secondAndroid" time="0.001"/>
  <system-out/>
  <testcase classname="testNG.GroupingExample" name="firstBlackBerry" time="0.004"/>
  <system-out/>
  <testcase classname="testNG.GroupingExample" name="secondBlackBerry" time="0.002"/>
  <system-out/>
</testsuite> <!-- testNG.GroupingExample -->
