<?xml version="1.0" encoding="UTF-8"?>
<!-- Generated by org.testng.reporters.JUnitReportReporter -->
<testsuite hostname="RENGA" failures="0" tests="3" name="testNG.DriveCar" time="0.044" errors="0" timestamp="2020-10-20T20:21:20 IST" skipped="0">
  <testcase classname="testNG.DriveCar" name="startTheCar" time="0.033"/>
  <system-out/>
  <testcase classname="testNG.DriveCar" name="putFirstGear" time="0.006"/>
  <system-out/>
  <testcase classname="testNG.DriveCar" name="putSecondGear" time="0.005"/>
  <system-out/>
</testsuite> <!-- testNG.DriveCar -->
