<?xml version="1.0" encoding="UTF-8"?>
<!-- Generated by org.testng.reporters.JUnitReportReporter -->
<testsuite hostname="RENGA" failures="0" tests="2" name="testNG.ParallelTesting" time="14.037" errors="0" timestamp="2020-10-18T12:07:13 IST" skipped="0">
  <testcase classname="testNG.ParallelTesting" name="openGoogle" time="9.032"/>
  <system-out/>
  <testcase classname="testNG.ParallelTesting" name="openBing" time="5.005"/>
  <system-out/>
</testsuite> <!-- testNG.ParallelTesting -->
