<?xml version="1.0" encoding="UTF-8"?>
<!-- Generated by org.testng.reporters.JUnitReportReporter -->
<testsuite hostname="RENGA" failures="0" tests="3" name="testNG.sampleTestCase" time="10.677" errors="0" timestamp="2020-10-18T11:56:43 IST" skipped="0">
  <testcase classname="testNG.sampleTestCase" name="OpenLeafGround" time="3.196"/>
  <system-out/>
  <testcase classname="testNG.sampleTestCase" name="OpenW3Schools" time="5.141"/>
  <system-out/>
  <testcase classname="testNG.sampleTestCase" name="OpenGoogle" time="2.340"/>
  <system-out/>
</testsuite> <!-- testNG.sampleTestCase -->
